2015-05-26 21:32:02 [127.0.0.1][-][-][error][yii\web\HttpException:404] exception 'yii\base\InvalidRouteException' with message 'Unable to resolve the request "".' in C:\xampp\htdocs\testing\vendor\yiisoft\yii2\base\Module.php:461
Stack trace:
#0 C:\xampp\htdocs\testing\vendor\yiisoft\yii2\web\Application.php(84): yii\base\Module->runAction('', Array)
#1 C:\xampp\htdocs\testing\vendor\yiisoft\yii2\base\Application.php(375): yii\web\Application->handleRequest(Object(yii\web\Request))
#2 C:\xampp\htdocs\testing\web\index.php(12): yii\base\Application->run()
#3 {main}

Next exception 'yii\web\NotFoundHttpException' with message 'Page not found.' in C:\xampp\htdocs\testing\vendor\yiisoft\yii2\web\Application.php:96
Stack trace:
#0 C:\xampp\htdocs\testing\vendor\yiisoft\yii2\base\Application.php(375): yii\web\Application->handleRequest(Object(yii\web\Request))
#1 C:\xampp\htdocs\testing\web\index.php(12): yii\base\Application->run()
#2 {main}
2015-05-26 21:32:02 [127.0.0.1][-][-][info][application] $_COOKIE = [
    '_csrf' => '566c2e20774d777e19a3d822aa7b1fefb8ce7159e743191296cf67ec678405dba:2:{i:0;s:5:\"_csrf\";i:1;s:32:\"gjG26RTKnrXtA-YnENOGDF5oAi0fnbGI\";}'
    'PHPSESSID' => 'n65dvc3j082f5qdup3erv9ba97'
    '_identity' => 'c7a3b08fc4cbdba34a5b527eaec5c342ae936b01c02c56e669a04253c1e52d44a:2:{i:0;s:9:\"_identity\";i:1;s:46:\"[2,\"Unq0Z7bI_Hf4IqrmlghqBXgwv8KXzpqt\",2592000]\";}'
]

$_SERVER = [
    'MIBDIRS' => 'C:/xampp/php/extras/mibs'
    'MYSQL_HOME' => '\\xampp\\mysql\\bin'
    'OPENSSL_CONF' => 'C:/xampp/apache/bin/openssl.cnf'
    'PHP_PEAR_SYSCONF_DIR' => '\\xampp\\php'
    'PHPRC' => '\\xampp\\php'
    'TMP' => '\\xampp\\tmp'
    'HTTP_HOST' => 'localhost'
    'HTTP_CONNECTION' => 'keep-alive'
    'HTTP_CACHE_CONTROL' => 'max-age=0'
    'HTTP_ACCEPT' => 'text/html,application/xhtml+xml,application/xml;q=0.9,image/webp,*/*;q=0.8'
    'HTTP_USER_AGENT' => 'Mozilla/5.0 (Windows NT 6.1) AppleWebKit/537.36 (KHTML, like Gecko) Chrome/43.0.2357.81 Safari/537.36'
    'HTTP_ACCEPT_ENCODING' => 'gzip, deflate, sdch'
    'HTTP_ACCEPT_LANGUAGE' => 'uk-UA,uk;q=0.8,ru;q=0.6,en-US;q=0.4,en;q=0.2'
    'HTTP_COOKIE' => '_csrf=566c2e20774d777e19a3d822aa7b1fefb8ce7159e743191296cf67ec678405dba%3A2%3A%7Bi%3A0%3Bs%3A5%3A%22_csrf%22%3Bi%3A1%3Bs%3A32%3A%22gjG26RTKnrXtA-YnENOGDF5oAi0fnbGI%22%3B%7D; PHPSESSID=n65dvc3j082f5qdup3erv9ba97; _identity=c7a3b08fc4cbdba34a5b527eaec5c342ae936b01c02c56e669a04253c1e52d44a%3A2%3A%7Bi%3A0%3Bs%3A9%3A%22_identity%22%3Bi%3A1%3Bs%3A46%3A%22%5B2%2C%22Unq0Z7bI_Hf4IqrmlghqBXgwv8KXzpqt%22%2C2592000%5D%22%3B%7D'
    'PATH' => 'C:\\Users\\Сабзиро\\bin\\Sencha\\Cmd\\5.1.3.61;C:\\Program Files\\Common Files\\Microsoft Shared\\Windows Live;C:\\ProgramData\\Oracle\\Java\\javapath;C:\\Program Files\\Broadcom\\Broadcom 802.11 Network Adapter\\Driver;;C:\\Windows\\system32;C:\\Windows;C:\\Windows\\System32\\Wbem;C:\\Windows\\System32\\WindowsPowerShell\\v1.0\\;C:\\Program Files\\MySQL\\MySQL Server 5.5\\bin;C:\\xampp\\php;C:\\ProgramData\\ComposerSetup\\bin;C:\\Program Files\\Windows Live\\Shared;C:\\RailsInstaller\\Git\\cmd;C:\\RailsInstaller\\Ruby2.1.0\\bin'
    'SystemRoot' => 'C:\\Windows'
    'COMSPEC' => 'C:\\Windows\\system32\\cmd.exe'
    'PATHEXT' => '.COM;.EXE;.BAT;.CMD;.VBS;.VBE;.JS;.JSE;.WSF;.WSH;.MSC'
    'WINDIR' => 'C:\\Windows'
    'SERVER_SIGNATURE' => '<address>Apache/2.4.10 (Win32) OpenSSL/1.0.1i PHP/5.6.3 Server at localhost Port 80</address>
'
    'SERVER_SOFTWARE' => 'Apache/2.4.10 (Win32) OpenSSL/1.0.1i PHP/5.6.3'
    'SERVER_NAME' => 'localhost'
    'SERVER_ADDR' => '127.0.0.1'
    'SERVER_PORT' => '80'
    'REMOTE_ADDR' => '127.0.0.1'
    'DOCUMENT_ROOT' => 'C:/xampp/htdocs'
    'REQUEST_SCHEME' => 'http'
    'CONTEXT_PREFIX' => ''
    'CONTEXT_DOCUMENT_ROOT' => 'C:/xampp/htdocs'
    'SERVER_ADMIN' => 'postmaster@localhost'
    'SCRIPT_FILENAME' => 'C:/xampp/htdocs/testing/web/index.php'
    'REMOTE_PORT' => '62252'
    'GATEWAY_INTERFACE' => 'CGI/1.1'
    'SERVER_PROTOCOL' => 'HTTP/1.1'
    'REQUEST_METHOD' => 'GET'
    'QUERY_STRING' => ''
    'REQUEST_URI' => '/testing/web/index.php'
    'SCRIPT_NAME' => '/testing/web/index.php'
    'PHP_SELF' => '/testing/web/index.php'
    'REQUEST_TIME_FLOAT' => 1432668722.503
    'REQUEST_TIME' => 1432668722
]
2015-05-26 21:32:05 [127.0.0.1][-][-][error][yii\web\HttpException:404] exception 'yii\base\InvalidRouteException' with message 'Unable to resolve the request "posts/index".' in C:\xampp\htdocs\testing\vendor\yiisoft\yii2\base\Module.php:461
Stack trace:
#0 C:\xampp\htdocs\testing\vendor\yiisoft\yii2\web\Application.php(84): yii\base\Module->runAction('posts/index', Array)
#1 C:\xampp\htdocs\testing\vendor\yiisoft\yii2\base\Application.php(375): yii\web\Application->handleRequest(Object(yii\web\Request))
#2 C:\xampp\htdocs\testing\web\index.php(12): yii\base\Application->run()
#3 {main}

Next exception 'yii\web\NotFoundHttpException' with message 'Page not found.' in C:\xampp\htdocs\testing\vendor\yiisoft\yii2\web\Application.php:96
Stack trace:
#0 C:\xampp\htdocs\testing\vendor\yiisoft\yii2\base\Application.php(375): yii\web\Application->handleRequest(Object(yii\web\Request))
#1 C:\xampp\htdocs\testing\web\index.php(12): yii\base\Application->run()
#2 {main}
2015-05-26 21:32:05 [127.0.0.1][-][-][info][application] $_GET = [
    'r' => 'posts/index'
]

$_COOKIE = [
    '_csrf' => '566c2e20774d777e19a3d822aa7b1fefb8ce7159e743191296cf67ec678405dba:2:{i:0;s:5:\"_csrf\";i:1;s:32:\"gjG26RTKnrXtA-YnENOGDF5oAi0fnbGI\";}'
    'PHPSESSID' => 'n65dvc3j082f5qdup3erv9ba97'
    '_identity' => 'c7a3b08fc4cbdba34a5b527eaec5c342ae936b01c02c56e669a04253c1e52d44a:2:{i:0;s:9:\"_identity\";i:1;s:46:\"[2,\"Unq0Z7bI_Hf4IqrmlghqBXgwv8KXzpqt\",2592000]\";}'
]

$_SERVER = [
    'MIBDIRS' => 'C:/xampp/php/extras/mibs'
    'MYSQL_HOME' => '\\xampp\\mysql\\bin'
    'OPENSSL_CONF' => 'C:/xampp/apache/bin/openssl.cnf'
    'PHP_PEAR_SYSCONF_DIR' => '\\xampp\\php'
    'PHPRC' => '\\xampp\\php'
    'TMP' => '\\xampp\\tmp'
    'HTTP_HOST' => 'localhost'
    'HTTP_CONNECTION' => 'keep-alive'
    'HTTP_ACCEPT' => 'text/html,application/xhtml+xml,application/xml;q=0.9,image/webp,*/*;q=0.8'
    'HTTP_USER_AGENT' => 'Mozilla/5.0 (Windows NT 6.1) AppleWebKit/537.36 (KHTML, like Gecko) Chrome/43.0.2357.81 Safari/537.36'
    'HTTP_REFERER' => 'http://localhost/testing/web/index.php?r=posts%2Findex'
    'HTTP_ACCEPT_ENCODING' => 'gzip, deflate, sdch'
    'HTTP_ACCEPT_LANGUAGE' => 'uk-UA,uk;q=0.8,ru;q=0.6,en-US;q=0.4,en;q=0.2'
    'HTTP_COOKIE' => '_csrf=566c2e20774d777e19a3d822aa7b1fefb8ce7159e743191296cf67ec678405dba%3A2%3A%7Bi%3A0%3Bs%3A5%3A%22_csrf%22%3Bi%3A1%3Bs%3A32%3A%22gjG26RTKnrXtA-YnENOGDF5oAi0fnbGI%22%3B%7D; PHPSESSID=n65dvc3j082f5qdup3erv9ba97; _identity=c7a3b08fc4cbdba34a5b527eaec5c342ae936b01c02c56e669a04253c1e52d44a%3A2%3A%7Bi%3A0%3Bs%3A9%3A%22_identity%22%3Bi%3A1%3Bs%3A46%3A%22%5B2%2C%22Unq0Z7bI_Hf4IqrmlghqBXgwv8KXzpqt%22%2C2592000%5D%22%3B%7D'
    'PATH' => 'C:\\Users\\Сабзиро\\bin\\Sencha\\Cmd\\5.1.3.61;C:\\Program Files\\Common Files\\Microsoft Shared\\Windows Live;C:\\ProgramData\\Oracle\\Java\\javapath;C:\\Program Files\\Broadcom\\Broadcom 802.11 Network Adapter\\Driver;;C:\\Windows\\system32;C:\\Windows;C:\\Windows\\System32\\Wbem;C:\\Windows\\System32\\WindowsPowerShell\\v1.0\\;C:\\Program Files\\MySQL\\MySQL Server 5.5\\bin;C:\\xampp\\php;C:\\ProgramData\\ComposerSetup\\bin;C:\\Program Files\\Windows Live\\Shared;C:\\RailsInstaller\\Git\\cmd;C:\\RailsInstaller\\Ruby2.1.0\\bin'
    'SystemRoot' => 'C:\\Windows'
    'COMSPEC' => 'C:\\Windows\\system32\\cmd.exe'
    'PATHEXT' => '.COM;.EXE;.BAT;.CMD;.VBS;.VBE;.JS;.JSE;.WSF;.WSH;.MSC'
    'WINDIR' => 'C:\\Windows'
    'SERVER_SIGNATURE' => '<address>Apache/2.4.10 (Win32) OpenSSL/1.0.1i PHP/5.6.3 Server at localhost Port 80</address>
'
    'SERVER_SOFTWARE' => 'Apache/2.4.10 (Win32) OpenSSL/1.0.1i PHP/5.6.3'
    'SERVER_NAME' => 'localhost'
    'SERVER_ADDR' => '127.0.0.1'
    'SERVER_PORT' => '80'
    'REMOTE_ADDR' => '127.0.0.1'
    'DOCUMENT_ROOT' => 'C:/xampp/htdocs'
    'REQUEST_SCHEME' => 'http'
    'CONTEXT_PREFIX' => ''
    'CONTEXT_DOCUMENT_ROOT' => 'C:/xampp/htdocs'
    'SERVER_ADMIN' => 'postmaster@localhost'
    'SCRIPT_FILENAME' => 'C:/xampp/htdocs/testing/web/index.php'
    'REMOTE_PORT' => '62253'
    'GATEWAY_INTERFACE' => 'CGI/1.1'
    'SERVER_PROTOCOL' => 'HTTP/1.1'
    'REQUEST_METHOD' => 'GET'
    'QUERY_STRING' => 'r=posts%2Findex'
    'REQUEST_URI' => '/testing/web/index.php?r=posts%2Findex'
    'SCRIPT_NAME' => '/testing/web/index.php'
    'PHP_SELF' => '/testing/web/index.php'
    'REQUEST_TIME_FLOAT' => 1432668725.243
    'REQUEST_TIME' => 1432668725
]
2015-05-26 21:49:28 [127.0.0.1][-][-][error][yii\web\HttpException:404] exception 'yii\base\InvalidRouteException' with message 'Unable to resolve the request "".' in C:\xampp\htdocs\testing\vendor\yiisoft\yii2\base\Module.php:461
Stack trace:
#0 C:\xampp\htdocs\testing\vendor\yiisoft\yii2\web\Application.php(84): yii\base\Module->runAction('', Array)
#1 C:\xampp\htdocs\testing\vendor\yiisoft\yii2\base\Application.php(375): yii\web\Application->handleRequest(Object(yii\web\Request))
#2 C:\xampp\htdocs\testing\web\index.php(12): yii\base\Application->run()
#3 {main}

Next exception 'yii\web\NotFoundHttpException' with message 'Page not found.' in C:\xampp\htdocs\testing\vendor\yiisoft\yii2\web\Application.php:96
Stack trace:
#0 C:\xampp\htdocs\testing\vendor\yiisoft\yii2\base\Application.php(375): yii\web\Application->handleRequest(Object(yii\web\Request))
#1 C:\xampp\htdocs\testing\web\index.php(12): yii\base\Application->run()
#2 {main}
2015-05-26 21:49:26 [127.0.0.1][-][-][info][application] $_COOKIE = [
    '_csrf' => '566c2e20774d777e19a3d822aa7b1fefb8ce7159e743191296cf67ec678405dba:2:{i:0;s:5:\"_csrf\";i:1;s:32:\"gjG26RTKnrXtA-YnENOGDF5oAi0fnbGI\";}'
    'PHPSESSID' => 'n65dvc3j082f5qdup3erv9ba97'
    '_identity' => 'c7a3b08fc4cbdba34a5b527eaec5c342ae936b01c02c56e669a04253c1e52d44a:2:{i:0;s:9:\"_identity\";i:1;s:46:\"[2,\"Unq0Z7bI_Hf4IqrmlghqBXgwv8KXzpqt\",2592000]\";}'
]

$_SERVER = [
    'MIBDIRS' => 'C:/xampp/php/extras/mibs'
    'MYSQL_HOME' => '\\xampp\\mysql\\bin'
    'OPENSSL_CONF' => 'C:/xampp/apache/bin/openssl.cnf'
    'PHP_PEAR_SYSCONF_DIR' => '\\xampp\\php'
    'PHPRC' => '\\xampp\\php'
    'TMP' => '\\xampp\\tmp'
    'HTTP_HOST' => 'localhost'
    'HTTP_CONNECTION' => 'keep-alive'
    'HTTP_CACHE_CONTROL' => 'max-age=0'
    'HTTP_ACCEPT' => 'text/html,application/xhtml+xml,application/xml;q=0.9,image/webp,*/*;q=0.8'
    'HTTP_USER_AGENT' => 'Mozilla/5.0 (Windows NT 6.1) AppleWebKit/537.36 (KHTML, like Gecko) Chrome/43.0.2357.81 Safari/537.36'
    'HTTP_ACCEPT_ENCODING' => 'gzip, deflate, sdch'
    'HTTP_ACCEPT_LANGUAGE' => 'uk-UA,uk;q=0.8,ru;q=0.6,en-US;q=0.4,en;q=0.2'
    'HTTP_COOKIE' => '_csrf=566c2e20774d777e19a3d822aa7b1fefb8ce7159e743191296cf67ec678405dba%3A2%3A%7Bi%3A0%3Bs%3A5%3A%22_csrf%22%3Bi%3A1%3Bs%3A32%3A%22gjG26RTKnrXtA-YnENOGDF5oAi0fnbGI%22%3B%7D; PHPSESSID=n65dvc3j082f5qdup3erv9ba97; _identity=c7a3b08fc4cbdba34a5b527eaec5c342ae936b01c02c56e669a04253c1e52d44a%3A2%3A%7Bi%3A0%3Bs%3A9%3A%22_identity%22%3Bi%3A1%3Bs%3A46%3A%22%5B2%2C%22Unq0Z7bI_Hf4IqrmlghqBXgwv8KXzpqt%22%2C2592000%5D%22%3B%7D'
    'PATH' => 'C:\\Users\\Сабзиро\\bin\\Sencha\\Cmd\\5.1.3.61;C:\\Program Files\\Common Files\\Microsoft Shared\\Windows Live;C:\\ProgramData\\Oracle\\Java\\javapath;C:\\Program Files\\Broadcom\\Broadcom 802.11 Network Adapter\\Driver;;C:\\Windows\\system32;C:\\Windows;C:\\Windows\\System32\\Wbem;C:\\Windows\\System32\\WindowsPowerShell\\v1.0\\;C:\\Program Files\\MySQL\\MySQL Server 5.5\\bin;C:\\xampp\\php;C:\\ProgramData\\ComposerSetup\\bin;C:\\Program Files\\Windows Live\\Shared;C:\\RailsInstaller\\Git\\cmd;C:\\RailsInstaller\\Ruby2.1.0\\bin'
    'SystemRoot' => 'C:\\Windows'
    'COMSPEC' => 'C:\\Windows\\system32\\cmd.exe'
    'PATHEXT' => '.COM;.EXE;.BAT;.CMD;.VBS;.VBE;.JS;.JSE;.WSF;.WSH;.MSC'
    'WINDIR' => 'C:\\Windows'
    'SERVER_SIGNATURE' => '<address>Apache/2.4.10 (Win32) OpenSSL/1.0.1i PHP/5.6.3 Server at localhost Port 80</address>
'
    'SERVER_SOFTWARE' => 'Apache/2.4.10 (Win32) OpenSSL/1.0.1i PHP/5.6.3'
    'SERVER_NAME' => 'localhost'
    'SERVER_ADDR' => '127.0.0.1'
    'SERVER_PORT' => '80'
    'REMOTE_ADDR' => '127.0.0.1'
    'DOCUMENT_ROOT' => 'C:/xampp/htdocs'
    'REQUEST_SCHEME' => 'http'
    'CONTEXT_PREFIX' => ''
    'CONTEXT_DOCUMENT_ROOT' => 'C:/xampp/htdocs'
    'SERVER_ADMIN' => 'postmaster@localhost'
    'SCRIPT_FILENAME' => 'C:/xampp/htdocs/testing/web/index.php'
    'REMOTE_PORT' => '62962'
    'GATEWAY_INTERFACE' => 'CGI/1.1'
    'SERVER_PROTOCOL' => 'HTTP/1.1'
    'REQUEST_METHOD' => 'GET'
    'QUERY_STRING' => ''
    'REQUEST_URI' => '/testing/web/index.php'
    'SCRIPT_NAME' => '/testing/web/index.php'
    'PHP_SELF' => '/testing/web/index.php'
    'REQUEST_TIME_FLOAT' => 1432669766.592
    'REQUEST_TIME' => 1432669766
]
2015-05-26 21:49:41 [127.0.0.1][-][-][error][yii\web\HttpException:404] exception 'yii\base\InvalidRouteException' with message 'Unable to resolve the request "".' in C:\xampp\htdocs\testing\vendor\yiisoft\yii2\base\Module.php:461
Stack trace:
#0 C:\xampp\htdocs\testing\vendor\yiisoft\yii2\web\Application.php(84): yii\base\Module->runAction('', Array)
#1 C:\xampp\htdocs\testing\vendor\yiisoft\yii2\base\Application.php(375): yii\web\Application->handleRequest(Object(yii\web\Request))
#2 C:\xampp\htdocs\testing\web\index.php(12): yii\base\Application->run()
#3 {main}

Next exception 'yii\web\NotFoundHttpException' with message 'Page not found.' in C:\xampp\htdocs\testing\vendor\yiisoft\yii2\web\Application.php:96
Stack trace:
#0 C:\xampp\htdocs\testing\vendor\yiisoft\yii2\base\Application.php(375): yii\web\Application->handleRequest(Object(yii\web\Request))
#1 C:\xampp\htdocs\testing\web\index.php(12): yii\base\Application->run()
#2 {main}
2015-05-26 21:49:41 [127.0.0.1][-][-][info][application] $_COOKIE = [
    '_csrf' => '566c2e20774d777e19a3d822aa7b1fefb8ce7159e743191296cf67ec678405dba:2:{i:0;s:5:\"_csrf\";i:1;s:32:\"gjG26RTKnrXtA-YnENOGDF5oAi0fnbGI\";}'
    'PHPSESSID' => 'n65dvc3j082f5qdup3erv9ba97'
    '_identity' => 'c7a3b08fc4cbdba34a5b527eaec5c342ae936b01c02c56e669a04253c1e52d44a:2:{i:0;s:9:\"_identity\";i:1;s:46:\"[2,\"Unq0Z7bI_Hf4IqrmlghqBXgwv8KXzpqt\",2592000]\";}'
]

$_SERVER = [
    'MIBDIRS' => 'C:/xampp/php/extras/mibs'
    'MYSQL_HOME' => '\\xampp\\mysql\\bin'
    'OPENSSL_CONF' => 'C:/xampp/apache/bin/openssl.cnf'
    'PHP_PEAR_SYSCONF_DIR' => '\\xampp\\php'
    'PHPRC' => '\\xampp\\php'
    'TMP' => '\\xampp\\tmp'
    'HTTP_HOST' => 'localhost'
    'HTTP_CONNECTION' => 'keep-alive'
    'HTTP_CACHE_CONTROL' => 'max-age=0'
    'HTTP_ACCEPT' => 'text/html,application/xhtml+xml,application/xml;q=0.9,image/webp,*/*;q=0.8'
    'HTTP_USER_AGENT' => 'Mozilla/5.0 (Windows NT 6.1) AppleWebKit/537.36 (KHTML, like Gecko) Chrome/43.0.2357.81 Safari/537.36'
    'HTTP_ACCEPT_ENCODING' => 'gzip, deflate, sdch'
    'HTTP_ACCEPT_LANGUAGE' => 'uk-UA,uk;q=0.8,ru;q=0.6,en-US;q=0.4,en;q=0.2'
    'HTTP_COOKIE' => '_csrf=566c2e20774d777e19a3d822aa7b1fefb8ce7159e743191296cf67ec678405dba%3A2%3A%7Bi%3A0%3Bs%3A5%3A%22_csrf%22%3Bi%3A1%3Bs%3A32%3A%22gjG26RTKnrXtA-YnENOGDF5oAi0fnbGI%22%3B%7D; PHPSESSID=n65dvc3j082f5qdup3erv9ba97; _identity=c7a3b08fc4cbdba34a5b527eaec5c342ae936b01c02c56e669a04253c1e52d44a%3A2%3A%7Bi%3A0%3Bs%3A9%3A%22_identity%22%3Bi%3A1%3Bs%3A46%3A%22%5B2%2C%22Unq0Z7bI_Hf4IqrmlghqBXgwv8KXzpqt%22%2C2592000%5D%22%3B%7D'
    'PATH' => 'C:\\Users\\Сабзиро\\bin\\Sencha\\Cmd\\5.1.3.61;C:\\Program Files\\Common Files\\Microsoft Shared\\Windows Live;C:\\ProgramData\\Oracle\\Java\\javapath;C:\\Program Files\\Broadcom\\Broadcom 802.11 Network Adapter\\Driver;;C:\\Windows\\system32;C:\\Windows;C:\\Windows\\System32\\Wbem;C:\\Windows\\System32\\WindowsPowerShell\\v1.0\\;C:\\Program Files\\MySQL\\MySQL Server 5.5\\bin;C:\\xampp\\php;C:\\ProgramData\\ComposerSetup\\bin;C:\\Program Files\\Windows Live\\Shared;C:\\RailsInstaller\\Git\\cmd;C:\\RailsInstaller\\Ruby2.1.0\\bin'
    'SystemRoot' => 'C:\\Windows'
    'COMSPEC' => 'C:\\Windows\\system32\\cmd.exe'
    'PATHEXT' => '.COM;.EXE;.BAT;.CMD;.VBS;.VBE;.JS;.JSE;.WSF;.WSH;.MSC'
    'WINDIR' => 'C:\\Windows'
    'SERVER_SIGNATURE' => '<address>Apache/2.4.10 (Win32) OpenSSL/1.0.1i PHP/5.6.3 Server at localhost Port 80</address>
'
    'SERVER_SOFTWARE' => 'Apache/2.4.10 (Win32) OpenSSL/1.0.1i PHP/5.6.3'
    'SERVER_NAME' => 'localhost'
    'SERVER_ADDR' => '127.0.0.1'
    'SERVER_PORT' => '80'
    'REMOTE_ADDR' => '127.0.0.1'
    'DOCUMENT_ROOT' => 'C:/xampp/htdocs'
    'REQUEST_SCHEME' => 'http'
    'CONTEXT_PREFIX' => ''
    'CONTEXT_DOCUMENT_ROOT' => 'C:/xampp/htdocs'
    'SERVER_ADMIN' => 'postmaster@localhost'
    'SCRIPT_FILENAME' => 'C:/xampp/htdocs/testing/web/index.php'
    'REMOTE_PORT' => '62964'
    'GATEWAY_INTERFACE' => 'CGI/1.1'
    'SERVER_PROTOCOL' => 'HTTP/1.1'
    'REQUEST_METHOD' => 'GET'
    'QUERY_STRING' => ''
    'REQUEST_URI' => '/testing/web/index.php'
    'SCRIPT_NAME' => '/testing/web/index.php'
    'PHP_SELF' => '/testing/web/index.php'
    'REQUEST_TIME_FLOAT' => 1432669781.606
    'REQUEST_TIME' => 1432669781
]
2015-05-26 21:49:50 [127.0.0.1][-][-][error][yii\web\HttpException:404] exception 'yii\base\InvalidRouteException' with message 'Unable to resolve the request "".' in C:\xampp\htdocs\testing\vendor\yiisoft\yii2\base\Module.php:461
Stack trace:
#0 C:\xampp\htdocs\testing\vendor\yiisoft\yii2\web\Application.php(84): yii\base\Module->runAction('', Array)
#1 C:\xampp\htdocs\testing\vendor\yiisoft\yii2\base\Application.php(375): yii\web\Application->handleRequest(Object(yii\web\Request))
#2 C:\xampp\htdocs\testing\web\index.php(12): yii\base\Application->run()
#3 {main}

Next exception 'yii\web\NotFoundHttpException' with message 'Page not found.' in C:\xampp\htdocs\testing\vendor\yiisoft\yii2\web\Application.php:96
Stack trace:
#0 C:\xampp\htdocs\testing\vendor\yiisoft\yii2\base\Application.php(375): yii\web\Application->handleRequest(Object(yii\web\Request))
#1 C:\xampp\htdocs\testing\web\index.php(12): yii\base\Application->run()
#2 {main}
2015-05-26 21:49:50 [127.0.0.1][-][-][info][application] $_COOKIE = [
    '_csrf' => '566c2e20774d777e19a3d822aa7b1fefb8ce7159e743191296cf67ec678405dba:2:{i:0;s:5:\"_csrf\";i:1;s:32:\"gjG26RTKnrXtA-YnENOGDF5oAi0fnbGI\";}'
    'PHPSESSID' => 'n65dvc3j082f5qdup3erv9ba97'
    '_identity' => 'c7a3b08fc4cbdba34a5b527eaec5c342ae936b01c02c56e669a04253c1e52d44a:2:{i:0;s:9:\"_identity\";i:1;s:46:\"[2,\"Unq0Z7bI_Hf4IqrmlghqBXgwv8KXzpqt\",2592000]\";}'
]

$_SERVER = [
    'MIBDIRS' => 'C:/xampp/php/extras/mibs'
    'MYSQL_HOME' => '\\xampp\\mysql\\bin'
    'OPENSSL_CONF' => 'C:/xampp/apache/bin/openssl.cnf'
    'PHP_PEAR_SYSCONF_DIR' => '\\xampp\\php'
    'PHPRC' => '\\xampp\\php'
    'TMP' => '\\xampp\\tmp'
    'HTTP_HOST' => 'localhost'
    'HTTP_CONNECTION' => 'keep-alive'
    'HTTP_CACHE_CONTROL' => 'max-age=0'
    'HTTP_ACCEPT' => 'text/html,application/xhtml+xml,application/xml;q=0.9,image/webp,*/*;q=0.8'
    'HTTP_USER_AGENT' => 'Mozilla/5.0 (Windows NT 6.1) AppleWebKit/537.36 (KHTML, like Gecko) Chrome/43.0.2357.81 Safari/537.36'
    'HTTP_ACCEPT_ENCODING' => 'gzip, deflate, sdch'
    'HTTP_ACCEPT_LANGUAGE' => 'uk-UA,uk;q=0.8,ru;q=0.6,en-US;q=0.4,en;q=0.2'
    'HTTP_COOKIE' => '_csrf=566c2e20774d777e19a3d822aa7b1fefb8ce7159e743191296cf67ec678405dba%3A2%3A%7Bi%3A0%3Bs%3A5%3A%22_csrf%22%3Bi%3A1%3Bs%3A32%3A%22gjG26RTKnrXtA-YnENOGDF5oAi0fnbGI%22%3B%7D; PHPSESSID=n65dvc3j082f5qdup3erv9ba97; _identity=c7a3b08fc4cbdba34a5b527eaec5c342ae936b01c02c56e669a04253c1e52d44a%3A2%3A%7Bi%3A0%3Bs%3A9%3A%22_identity%22%3Bi%3A1%3Bs%3A46%3A%22%5B2%2C%22Unq0Z7bI_Hf4IqrmlghqBXgwv8KXzpqt%22%2C2592000%5D%22%3B%7D'
    'PATH' => 'C:\\Users\\Сабзиро\\bin\\Sencha\\Cmd\\5.1.3.61;C:\\Program Files\\Common Files\\Microsoft Shared\\Windows Live;C:\\ProgramData\\Oracle\\Java\\javapath;C:\\Program Files\\Broadcom\\Broadcom 802.11 Network Adapter\\Driver;;C:\\Windows\\system32;C:\\Windows;C:\\Windows\\System32\\Wbem;C:\\Windows\\System32\\WindowsPowerShell\\v1.0\\;C:\\Program Files\\MySQL\\MySQL Server 5.5\\bin;C:\\xampp\\php;C:\\ProgramData\\ComposerSetup\\bin;C:\\Program Files\\Windows Live\\Shared;C:\\RailsInstaller\\Git\\cmd;C:\\RailsInstaller\\Ruby2.1.0\\bin'
    'SystemRoot' => 'C:\\Windows'
    'COMSPEC' => 'C:\\Windows\\system32\\cmd.exe'
    'PATHEXT' => '.COM;.EXE;.BAT;.CMD;.VBS;.VBE;.JS;.JSE;.WSF;.WSH;.MSC'
    'WINDIR' => 'C:\\Windows'
    'SERVER_SIGNATURE' => '<address>Apache/2.4.10 (Win32) OpenSSL/1.0.1i PHP/5.6.3 Server at localhost Port 80</address>
'
    'SERVER_SOFTWARE' => 'Apache/2.4.10 (Win32) OpenSSL/1.0.1i PHP/5.6.3'
    'SERVER_NAME' => 'localhost'
    'SERVER_ADDR' => '127.0.0.1'
    'SERVER_PORT' => '80'
    'REMOTE_ADDR' => '127.0.0.1'
    'DOCUMENT_ROOT' => 'C:/xampp/htdocs'
    'REQUEST_SCHEME' => 'http'
    'CONTEXT_PREFIX' => ''
    'CONTEXT_DOCUMENT_ROOT' => 'C:/xampp/htdocs'
    'SERVER_ADMIN' => 'postmaster@localhost'
    'SCRIPT_FILENAME' => 'C:/xampp/htdocs/testing/web/index.php'
    'REMOTE_PORT' => '62976'
    'GATEWAY_INTERFACE' => 'CGI/1.1'
    'SERVER_PROTOCOL' => 'HTTP/1.1'
    'REQUEST_METHOD' => 'GET'
    'QUERY_STRING' => ''
    'REQUEST_URI' => '/testing/web/index.php'
    'SCRIPT_NAME' => '/testing/web/index.php'
    'PHP_SELF' => '/testing/web/index.php'
    'REQUEST_TIME_FLOAT' => 1432669790.809
    'REQUEST_TIME' => 1432669790
]
